25/04/2014 15:44:52 (Std) 	+-+-+-+-+-+-+-+-+-+-+-+-+-+-+-+-+-+-+-+-+-+-+-+-+-+-+-+-+-+-+-+-+-+-+-+-+-+-+-+
25/04/2014 15:44:52 (Std) 	+                     Crazy Eddie's GUI System - Event log                    +
25/04/2014 15:44:52 (Std) 	+                          (http://www.cegui.org.uk/)                         +
25/04/2014 15:44:52 (Std) 	+-+-+-+-+-+-+-+-+-+-+-+-+-+-+-+-+-+-+-+-+-+-+-+-+-+-+-+-+-+-+-+-+-+-+-+-+-+-+-+

25/04/2014 15:44:52 (Std) 	CEGUI::Logger singleton created. (0x13e4170)
25/04/2014 15:44:52 (Std) 	
25/04/2014 15:44:52 (Std) 	********************************************************************************
25/04/2014 15:44:52 (Std) 	* Important:                                                                   *
25/04/2014 15:44:52 (Std) 	*     To get support at the CEGUI forums, you must post _at least_ the section *
25/04/2014 15:44:52 (Std) 	*     of this log file indicated below.  Failure to do this will result in no  *
25/04/2014 15:44:52 (Std) 	*     support being given; please do not waste our time.                       *
25/04/2014 15:44:52 (Std) 	********************************************************************************
25/04/2014 15:44:52 (Std) 	********************************************************************************
25/04/2014 15:44:52 (Std) 	* -------- START OF ESSENTIAL SECTION TO BE POSTED ON THE FORUM       -------- *
25/04/2014 15:44:52 (Std) 	********************************************************************************
25/04/2014 15:44:52 (Std) 	---- Version 0.7.6 (Build: Feb 25 2013 GNU/Linux g++ 4.6.3 64 bit) ----
25/04/2014 15:44:52 (Std) 	---- Renderer module is: CEGUI::OgreRenderer - Official OGRE based 2nd generation renderer module. ----
25/04/2014 15:44:52 (Std) 	---- XML Parser module is: CEGUI::XercesParser - Official Xerces-C++ based parser module for CEGUI ----
25/04/2014 15:44:52 (Std) 	---- Image Codec module is: OgreImageCodec - Integrated ImageCodec using the Ogre engine. ----
25/04/2014 15:44:52 (Std) 	---- Scripting module is: None ----
25/04/2014 15:44:52 (Std) 	********************************************************************************
25/04/2014 15:44:52 (Std) 	* -------- END OF ESSENTIAL SECTION TO BE POSTED ON THE FORUM         -------- *
25/04/2014 15:44:52 (Std) 	********************************************************************************
25/04/2014 15:44:52 (Std) 	
25/04/2014 15:44:52 (Std) 	---- Begining CEGUI System initialisation ----
25/04/2014 15:44:52 (Std) 	CEGUI::ImagesetManager singleton created (0x13e4810)
25/04/2014 15:44:52 (Std) 	CEGUI::FontManager singleton created. (0x13e6a30)
25/04/2014 15:44:52 (Std) 	CEGUI::WindowFactoryManager singleton created
25/04/2014 15:44:52 (Std) 	CEGUI::WindowManager singleton created (0x13b5090)
25/04/2014 15:44:52 (Std) 	CEGUI::SchemeManager singleton created. (0x13e6b90)
25/04/2014 15:44:52 (Std) 	CEGUI::MouseCursor singleton created. (0x13b57a0)
25/04/2014 15:44:52 (Std) 	CEGUI::GlobalEventSet singleton created. (0x10996c0)
25/04/2014 15:44:52 (Std) 	CEGUI::AnimationManager singleton created (0x13f14d0)
25/04/2014 15:44:52 (Std) 	CEGUI::WidgetLookManager singleton created. (0x1090550)
25/04/2014 15:44:52 (Std) 	CEGUI::WindowRendererManager singleton created (0x13f7930)
25/04/2014 15:44:52 (Std) 	CEGUI::RenderEffectManager singleton created (0x13f2910)
25/04/2014 15:44:52 (Std) 	Created WindowFactory for 'DefaultWindow' windows.
25/04/2014 15:44:52 (Std) 	WindowFactory for 'DefaultWindow' windows added. (0x13ed690)
25/04/2014 15:44:52 (Std) 	Created WindowFactory for 'DragContainer' windows.
25/04/2014 15:44:52 (Std) 	WindowFactory for 'DragContainer' windows added. (0x139d6d0)
25/04/2014 15:44:52 (Std) 	Created WindowFactory for 'ScrolledContainer' windows.
25/04/2014 15:44:52 (Std) 	WindowFactory for 'ScrolledContainer' windows added. (0x13b5360)
25/04/2014 15:44:52 (Std) 	Created WindowFactory for 'ClippedContainer' windows.
25/04/2014 15:44:52 (Std) 	WindowFactory for 'ClippedContainer' windows added. (0x13ec9a0)
25/04/2014 15:44:52 (Std) 	Created WindowFactory for 'CEGUI/Checkbox' windows.
25/04/2014 15:44:52 (Std) 	WindowFactory for 'CEGUI/Checkbox' windows added. (0x13ef920)
25/04/2014 15:44:52 (Std) 	Created WindowFactory for 'CEGUI/PushButton' windows.
25/04/2014 15:44:52 (Std) 	WindowFactory for 'CEGUI/PushButton' windows added. (0x13f50e0)
25/04/2014 15:44:52 (Std) 	Created WindowFactory for 'CEGUI/RadioButton' windows.
25/04/2014 15:44:52 (Std) 	WindowFactory for 'CEGUI/RadioButton' windows added. (0x13f77d0)
25/04/2014 15:44:52 (Std) 	Created WindowFactory for 'CEGUI/Combobox' windows.
25/04/2014 15:44:52 (Std) 	WindowFactory for 'CEGUI/Combobox' windows added. (0x13fa6c0)
25/04/2014 15:44:52 (Std) 	Created WindowFactory for 'CEGUI/ComboDropList' windows.
25/04/2014 15:44:52 (Std) 	WindowFactory for 'CEGUI/ComboDropList' windows added. (0x13a3700)
25/04/2014 15:44:52 (Std) 	Created WindowFactory for 'CEGUI/Editbox' windows.
25/04/2014 15:44:52 (Std) 	WindowFactory for 'CEGUI/Editbox' windows added. (0x13ea0d0)
25/04/2014 15:44:52 (Std) 	Created WindowFactory for 'CEGUI/FrameWindow' windows.
25/04/2014 15:44:52 (Std) 	WindowFactory for 'CEGUI/FrameWindow' windows added. (0x13eda60)
25/04/2014 15:44:52 (Std) 	Created WindowFactory for 'CEGUI/ItemEntry' windows.
25/04/2014 15:44:52 (Std) 	WindowFactory for 'CEGUI/ItemEntry' windows added. (0x13f4960)
25/04/2014 15:44:52 (Std) 	Created WindowFactory for 'CEGUI/Listbox' windows.
25/04/2014 15:44:52 (Std) 	WindowFactory for 'CEGUI/Listbox' windows added. (0x13f8100)
25/04/2014 15:44:52 (Std) 	Created WindowFactory for 'CEGUI/ListHeader' windows.
25/04/2014 15:44:52 (Std) 	WindowFactory for 'CEGUI/ListHeader' windows added. (0x13fb8b0)
25/04/2014 15:44:52 (Std) 	Created WindowFactory for 'CEGUI/ListHeaderSegment' windows.
25/04/2014 15:44:52 (Std) 	WindowFactory for 'CEGUI/ListHeaderSegment' windows added. (0x13e6cf0)
25/04/2014 15:44:52 (Std) 	Created WindowFactory for 'CEGUI/Menubar' windows.
25/04/2014 15:44:52 (Std) 	WindowFactory for 'CEGUI/Menubar' windows added. (0x13f26d0)
25/04/2014 15:44:52 (Std) 	Created WindowFactory for 'CEGUI/PopupMenu' windows.
25/04/2014 15:44:52 (Std) 	WindowFactory for 'CEGUI/PopupMenu' windows added. (0x13f7ce0)
25/04/2014 15:44:52 (Std) 	Created WindowFactory for 'CEGUI/MenuItem' windows.
25/04/2014 15:44:52 (Std) 	WindowFactory for 'CEGUI/MenuItem' windows added. (0x13e8de0)
25/04/2014 15:44:52 (Std) 	Created WindowFactory for 'CEGUI/MultiColumnList' windows.
25/04/2014 15:44:52 (Std) 	WindowFactory for 'CEGUI/MultiColumnList' windows added. (0x13f4e20)
25/04/2014 15:44:52 (Std) 	Created WindowFactory for 'CEGUI/MultiLineEditbox' windows.
25/04/2014 15:44:52 (Std) 	WindowFactory for 'CEGUI/MultiLineEditbox' windows added. (0x13f91d0)
25/04/2014 15:44:52 (Std) 	Created WindowFactory for 'CEGUI/ProgressBar' windows.
25/04/2014 15:44:52 (Std) 	WindowFactory for 'CEGUI/ProgressBar' windows added. (0x13ef7c0)
25/04/2014 15:44:52 (Std) 	Created WindowFactory for 'CEGUI/ScrollablePane' windows.
25/04/2014 15:44:52 (Std) 	WindowFactory for 'CEGUI/ScrollablePane' windows added. (0x13f7e40)
25/04/2014 15:44:52 (Std) 	Created WindowFactory for 'CEGUI/Scrollbar' windows.
25/04/2014 15:44:52 (Std) 	WindowFactory for 'CEGUI/Scrollbar' windows added. (0x13ecb00)
25/04/2014 15:44:52 (Std) 	Created WindowFactory for 'CEGUI/Slider' windows.
25/04/2014 15:44:52 (Std) 	WindowFactory for 'CEGUI/Slider' windows added. (0x13ef660)
25/04/2014 15:44:52 (Std) 	Created WindowFactory for 'CEGUI/Spinner' windows.
25/04/2014 15:44:52 (Std) 	WindowFactory for 'CEGUI/Spinner' windows added. (0x13ecc60)
25/04/2014 15:44:52 (Std) 	Created WindowFactory for 'CEGUI/TabButton' windows.
25/04/2014 15:44:52 (Std) 	WindowFactory for 'CEGUI/TabButton' windows added. (0x13e1e70)
25/04/2014 15:44:52 (Std) 	Created WindowFactory for 'CEGUI/TabControl' windows.
25/04/2014 15:44:52 (Std) 	WindowFactory for 'CEGUI/TabControl' windows added. (0x13e3c50)
25/04/2014 15:44:52 (Std) 	Created WindowFactory for 'CEGUI/Thumb' windows.
25/04/2014 15:44:52 (Std) 	WindowFactory for 'CEGUI/Thumb' windows added. (0x13ecdc0)
25/04/2014 15:44:52 (Std) 	Created WindowFactory for 'CEGUI/Titlebar' windows.
25/04/2014 15:44:52 (Std) 	WindowFactory for 'CEGUI/Titlebar' windows added. (0x13e7770)
25/04/2014 15:44:52 (Std) 	Created WindowFactory for 'CEGUI/Tooltip' windows.
25/04/2014 15:44:52 (Std) 	WindowFactory for 'CEGUI/Tooltip' windows added. (0x13ede80)
25/04/2014 15:44:52 (Std) 	Created WindowFactory for 'CEGUI/ItemListbox' windows.
25/04/2014 15:44:52 (Std) 	WindowFactory for 'CEGUI/ItemListbox' windows added. (0x13f8260)
25/04/2014 15:44:52 (Std) 	Created WindowFactory for 'CEGUI/GroupBox' windows.
25/04/2014 15:44:52 (Std) 	WindowFactory for 'CEGUI/GroupBox' windows added. (0x13e82b0)
25/04/2014 15:44:52 (Std) 	Created WindowFactory for 'CEGUI/Tree' windows.
25/04/2014 15:44:52 (Std) 	WindowFactory for 'CEGUI/Tree' windows added. (0x13f6b00)
25/04/2014 15:44:52 (Std) 	Created WindowFactory for 'HorizontalLayoutContainer' windows.
25/04/2014 15:44:52 (Std) 	WindowFactory for 'HorizontalLayoutContainer' windows added. (0x13e8b20)
25/04/2014 15:44:52 (Std) 	Created WindowFactory for 'VerticalLayoutContainer' windows.
25/04/2014 15:44:52 (Std) 	WindowFactory for 'VerticalLayoutContainer' windows added. (0x13fa190)
25/04/2014 15:44:52 (Std) 	Created WindowFactory for 'GridLayoutContainer' windows.
25/04/2014 15:44:52 (Std) 	WindowFactory for 'GridLayoutContainer' windows added. (0x13e2290)
25/04/2014 15:44:52 (Std) 	Window type alias named 'DefaultGUISheet' added for window type 'DefaultWindow'.
25/04/2014 15:44:52 (Std) 	CEGUI::System singleton created. (0x13eb3f0)
25/04/2014 15:44:52 (Std) 	---- CEGUI System initialisation completed ----
25/04/2014 15:44:52 (Std) 	
25/04/2014 15:44:52 (Std) 	XercesParser::initialiseSchema - Attempting to load schema from file 'GUIScheme.xsd'.
25/04/2014 15:44:52 (Std) 	XercesParser::initialiseSchema - XML schema file 'GUIScheme.xsd' has been initialised.
25/04/2014 15:44:52 (Std) 	Started creation of Scheme from XML specification:
25/04/2014 15:44:52 (Std) 	---- CEGUI GUIScheme name: OgreTray
25/04/2014 15:44:52 (Std) 	XercesParser::initialiseSchema - Attempting to load schema from file 'Imageset.xsd'.
25/04/2014 15:44:52 (Std) 	XercesParser::initialiseSchema - XML schema file 'Imageset.xsd' has been initialised.
25/04/2014 15:44:52 (Std) 	Started creation of Imageset from XML specification:
25/04/2014 15:44:52 (Std) 	---- CEGUI Imageset name: OgreTrayImages
25/04/2014 15:44:52 (Std) 	---- Source texture file: OgreTrayImages.png in resource group: (Default)
25/04/2014 15:44:52 (Std) 	XercesParser::initialiseSchema - Attempting to load schema from file 'Font.xsd'.
25/04/2014 15:44:52 (Std) 	XercesParser::initialiseSchema - XML schema file 'Font.xsd' has been initialised.
25/04/2014 15:44:52 (Std) 	Started creation of Font from XML specification:
25/04/2014 15:44:52 (Std) 	---- CEGUI font name: DejaVuSans-10
25/04/2014 15:44:52 (Std) 	----       Font type: FreeType
25/04/2014 15:44:52 (Std) 	----     Source file: DejaVuSans.ttf in resource group: (Default)
25/04/2014 15:44:52 (Std) 	---- Real point size: 10
25/04/2014 15:44:52 (Std) 	XercesParser::initialiseSchema - Attempting to load schema from file 'Falagard.xsd'.
25/04/2014 15:44:52 (Std) 	XercesParser::initialiseSchema - XML schema file 'Falagard.xsd' has been initialised.
25/04/2014 15:44:52 (Std) 	===== Falagard 'root' element: look and feel parsing begins =====
25/04/2014 15:44:52 (Std) 	===== Look and feel parsing completed =====
25/04/2014 15:44:52 (Std) 	No window renderer factories specified for module 'CEGUIFalagardWRBase' - adding all available factories...
25/04/2014 15:44:52 (Std) 	Created WindowRendererFactory for 'Falagard/Button' WindowRenderers.
25/04/2014 15:44:52 (Std) 	WindowRendererFactory 'Falagard/Button' added. (0x137c7a0)
25/04/2014 15:44:52 (Std) 	Created WindowRendererFactory for 'Falagard/Default' WindowRenderers.
25/04/2014 15:44:52 (Std) 	WindowRendererFactory 'Falagard/Default' added. (0x1370f50)
25/04/2014 15:44:52 (Std) 	Created WindowRendererFactory for 'Falagard/Editbox' WindowRenderers.
25/04/2014 15:44:52 (Std) 	WindowRendererFactory 'Falagard/Editbox' added. (0x137ce20)
25/04/2014 15:44:52 (Std) 	Created WindowRendererFactory for 'Falagard/FrameWindow' WindowRenderers.
25/04/2014 15:44:52 (Std) 	WindowRendererFactory 'Falagard/FrameWindow' added. (0x1371480)
25/04/2014 15:44:52 (Std) 	Created WindowRendererFactory for 'Falagard/ItemEntry' WindowRenderers.
25/04/2014 15:44:52 (Std) 	WindowRendererFactory 'Falagard/ItemEntry' added. (0x13a9c80)
25/04/2014 15:44:52 (Std) 	Created WindowRendererFactory for 'Falagard/ListHeader' WindowRenderers.
25/04/2014 15:44:52 (Std) 	WindowRendererFactory 'Falagard/ListHeader' added. (0x1360240)
25/04/2014 15:44:52 (Std) 	Created WindowRendererFactory for 'Falagard/ListHeaderSegment' WindowRenderers.
25/04/2014 15:44:52 (Std) 	WindowRendererFactory 'Falagard/ListHeaderSegment' added. (0x1397fd0)
25/04/2014 15:44:52 (Std) 	Created WindowRendererFactory for 'Falagard/Listbox' WindowRenderers.
25/04/2014 15:44:52 (Std) 	WindowRendererFactory 'Falagard/Listbox' added. (0x13a4e60)
25/04/2014 15:44:52 (Std) 	Created WindowRendererFactory for 'Falagard/Menubar' WindowRenderers.
25/04/2014 15:44:52 (Std) 	WindowRendererFactory 'Falagard/Menubar' added. (0x1371bf0)
25/04/2014 15:44:52 (Std) 	Created WindowRendererFactory for 'Falagard/MenuItem' WindowRenderers.
25/04/2014 15:44:52 (Std) 	WindowRendererFactory 'Falagard/MenuItem' added. (0x1091180)
25/04/2014 15:44:52 (Std) 	Created WindowRendererFactory for 'Falagard/MultiColumnList' WindowRenderers.
25/04/2014 15:44:52 (Std) 	WindowRendererFactory 'Falagard/MultiColumnList' added. (0x1391070)
25/04/2014 15:44:52 (Std) 	Created WindowRendererFactory for 'Falagard/MultiLineEditbox' WindowRenderers.
25/04/2014 15:44:52 (Std) 	WindowRendererFactory 'Falagard/MultiLineEditbox' added. (0x13a4340)
25/04/2014 15:44:52 (Std) 	Created WindowRendererFactory for 'Falagard/PopupMenu' WindowRenderers.
25/04/2014 15:44:52 (Std) 	WindowRendererFactory 'Falagard/PopupMenu' added. (0x137c9b0)
25/04/2014 15:44:52 (Std) 	Created WindowRendererFactory for 'Falagard/ProgressBar' WindowRenderers.
25/04/2014 15:44:52 (Std) 	WindowRendererFactory 'Falagard/ProgressBar' added. (0x160f100)
25/04/2014 15:44:52 (Std) 	Created WindowRendererFactory for 'Falagard/ScrollablePane' WindowRenderers.
25/04/2014 15:44:52 (Std) 	WindowRendererFactory 'Falagard/ScrollablePane' added. (0x1369f10)
25/04/2014 15:44:52 (Std) 	Created WindowRendererFactory for 'Falagard/Scrollbar' WindowRenderers.
25/04/2014 15:44:52 (Std) 	WindowRendererFactory 'Falagard/Scrollbar' added. (0x13d6840)
25/04/2014 15:44:52 (Std) 	Created WindowRendererFactory for 'Falagard/Slider' WindowRenderers.
25/04/2014 15:44:52 (Std) 	WindowRendererFactory 'Falagard/Slider' added. (0x1381500)
25/04/2014 15:44:52 (Std) 	Created WindowRendererFactory for 'Falagard/Static' WindowRenderers.
25/04/2014 15:44:52 (Std) 	WindowRendererFactory 'Falagard/Static' added. (0x13e7070)
25/04/2014 15:44:52 (Std) 	Created WindowRendererFactory for 'Falagard/StaticImage' WindowRenderers.
25/04/2014 15:44:52 (Std) 	WindowRendererFactory 'Falagard/StaticImage' added. (0x13e7130)
25/04/2014 15:44:52 (Std) 	Created WindowRendererFactory for 'Falagard/StaticText' WindowRenderers.
25/04/2014 15:44:52 (Std) 	WindowRendererFactory 'Falagard/StaticText' added. (0x13eaf00)
25/04/2014 15:44:52 (Std) 	Created WindowRendererFactory for 'Falagard/SystemButton' WindowRenderers.
25/04/2014 15:44:52 (Std) 	WindowRendererFactory 'Falagard/SystemButton' added. (0x15f74c0)
25/04/2014 15:44:52 (Std) 	Created WindowRendererFactory for 'Falagard/TabButton' WindowRenderers.
25/04/2014 15:44:52 (Std) 	WindowRendererFactory 'Falagard/TabButton' added. (0x13eafc0)
25/04/2014 15:44:52 (Std) 	Created WindowRendererFactory for 'Falagard/TabControl' WindowRenderers.
25/04/2014 15:44:52 (Std) 	WindowRendererFactory 'Falagard/TabControl' added. (0x163a470)
25/04/2014 15:44:52 (Std) 	Created WindowRendererFactory for 'Falagard/Titlebar' WindowRenderers.
25/04/2014 15:44:52 (Std) 	WindowRendererFactory 'Falagard/Titlebar' added. (0x163a610)
25/04/2014 15:44:52 (Std) 	Created WindowRendererFactory for 'Falagard/ToggleButton' WindowRenderers.
25/04/2014 15:44:52 (Std) 	WindowRendererFactory 'Falagard/ToggleButton' added. (0x130d5e0)
25/04/2014 15:44:52 (Std) 	Created WindowRendererFactory for 'Falagard/Tooltip' WindowRenderers.
25/04/2014 15:44:52 (Std) 	WindowRendererFactory 'Falagard/Tooltip' added. (0x160b640)
25/04/2014 15:44:52 (Std) 	Created WindowRendererFactory for 'Falagard/ItemListbox' WindowRenderers.
25/04/2014 15:44:52 (Std) 	WindowRendererFactory 'Falagard/ItemListbox' added. (0x160b7e0)
25/04/2014 15:44:52 (Std) 	Created WindowRendererFactory for 'Falagard/Tree' WindowRenderers.
25/04/2014 15:44:52 (Std) 	WindowRendererFactory 'Falagard/Tree' added. (0x160b8a0)
25/04/2014 15:44:52 (Std) 	Creating falagard mapping for type 'OgreTray/Button' using base type 'CEGUI/PushButton', window renderer 'Falagard/Button' Look'N'Feel 'OgreTray/PushButton' and RenderEffect ''. (0x7fffcbd0df60)
25/04/2014 15:44:52 (Std) 	Creating falagard mapping for type 'OgreTray/Titlebar' using base type 'CEGUI/Titlebar', window renderer 'Falagard/Titlebar' Look'N'Feel 'OgreTray/Titlebar' and RenderEffect ''. (0x7fffcbd0df60)
25/04/2014 15:44:52 (Std) 	Creating falagard mapping for type 'OgreTray/FrameWindow' using base type 'CEGUI/FrameWindow', window renderer 'Falagard/FrameWindow' Look'N'Feel 'OgreTray/FrameWindow' and RenderEffect ''. (0x7fffcbd0df60)
25/04/2014 15:44:52 (Std) 	Creating falagard mapping for type 'OgreTray/Thumb' using base type 'CEGUI/Thumb', window renderer 'Falagard/Button' Look'N'Feel 'OgreTray/Thumb' and RenderEffect ''. (0x7fffcbd0df60)
25/04/2014 15:44:52 (Std) 	Creating falagard mapping for type 'OgreTray/VerticalScrollbar' using base type 'CEGUI/Scrollbar', window renderer 'Falagard/Scrollbar' Look'N'Feel 'OgreTray/VerticalScrollbar' and RenderEffect ''. (0x7fffcbd0df60)
25/04/2014 15:44:52 (Std) 	Creating falagard mapping for type 'OgreTray/HorizontalScrollbar' using base type 'CEGUI/Scrollbar', window renderer 'Falagard/Scrollbar' Look'N'Feel 'OgreTray/HorizontalScrollbar' and RenderEffect ''. (0x7fffcbd0df60)
25/04/2014 15:44:52 (Std) 	Creating falagard mapping for type 'OgreTray/StaticText' using base type 'DefaultWindow', window renderer 'Falagard/StaticText' Look'N'Feel 'OgreTray/StaticText' and RenderEffect ''. (0x7fffcbd0df60)
25/04/2014 15:44:52 (Std) 	Creating falagard mapping for type 'OgreTray/Title' using base type 'DefaultWindow', window renderer 'Falagard/Default' Look'N'Feel 'OgreTray/MiniTray' and RenderEffect ''. (0x7fffcbd0df60)
25/04/2014 15:44:52 (Std) 	Creating falagard mapping for type 'OgreTray/CaptionedStaticText' using base type 'DefaultWindow', window renderer 'Falagard/StaticText' Look'N'Feel 'OgreTray/CaptionedStaticText' and RenderEffect ''. (0x7fffcbd0df60)
25/04/2014 15:44:52 (Std) 	Creating falagard mapping for type 'OgreTray/ProgressBar' using base type 'CEGUI/ProgressBar', window renderer 'Falagard/ProgressBar' Look'N'Feel 'OgreTray/ProgressBar' and RenderEffect ''. (0x7fffcbd0df60)
25/04/2014 15:44:52 (Std) 	Creating falagard mapping for type 'OgreTray/Editbox' using base type 'CEGUI/Editbox', window renderer 'Falagard/Editbox' Look'N'Feel 'OgreTray/Editbox' and RenderEffect ''. (0x7fffcbd0df60)
25/04/2014 15:44:52 (Std) 	Creating falagard mapping for type 'OgreTray/MultiLineEditbox' using base type 'CEGUI/MultiLineEditbox', window renderer 'Falagard/MultiLineEditbox' Look'N'Feel 'OgreTray/MultiLineEditbox' and RenderEffect ''. (0x7fffcbd0df60)
25/04/2014 15:44:52 (Std) 	Creating falagard mapping for type 'OgreTray/Listbox' using base type 'CEGUI/Listbox', window renderer 'Falagard/Listbox' Look'N'Feel 'OgreTray/Listbox' and RenderEffect ''. (0x7fffcbd0df60)
25/04/2014 15:44:52 (Std) 	Creating falagard mapping for type 'OgreTray/ComboDropList' using base type 'CEGUI/ComboDropList', window renderer 'Falagard/Listbox' Look'N'Feel 'OgreTray/Listbox' and RenderEffect ''. (0x7fffcbd0df60)
25/04/2014 15:44:52 (Std) 	Creating falagard mapping for type 'OgreTray/Combobox' using base type 'CEGUI/Combobox', window renderer 'Falagard/Default' Look'N'Feel 'OgreTray/Combobox' and RenderEffect ''. (0x7fffcbd0df60)
25/04/2014 15:44:52 (Std) 	Creating falagard mapping for type 'OgreTray/DropDownMenu' using base type 'CEGUI/Combobox', window renderer 'Falagard/Default' Look'N'Feel 'OgreTray/DropDownMenu' and RenderEffect ''. (0x7fffcbd0df60)
25/04/2014 15:44:52 (Std) 	Creating falagard mapping for type 'OgreTray/Group' using base type 'DefaultWindow', window renderer 'Falagard/Default' Look'N'Feel 'OgreTray/Group' and RenderEffect ''. (0x7fffcbd0df60)
25/04/2014 15:44:52 (Std) 	Creating falagard mapping for type 'OgreTray/Checkbox' using base type 'CEGUI/Checkbox', window renderer 'Falagard/ToggleButton' Look'N'Feel 'OgreTray/Checkbox' and RenderEffect ''. (0x7fffcbd0df60)
25/04/2014 15:44:52 (Std) 	Creating falagard mapping for type 'OgreTray/RadioButton' using base type 'CEGUI/RadioButton', window renderer 'Falagard/ToggleButton' Look'N'Feel 'OgreTray/RadioButton' and RenderEffect ''. (0x7fffcbd0df60)
25/04/2014 15:44:52 (Std) 	Creating falagard mapping for type 'OgreTray/Slider' using base type 'CEGUI/Slider', window renderer 'Falagard/Slider' Look'N'Feel 'OgreTray/Slider' and RenderEffect ''. (0x7fffcbd0df60)
25/04/2014 15:44:52 (Std) 	Creating falagard mapping for type 'OgreTray/StaticImage' using base type 'DefaultWindow', window renderer 'Falagard/StaticImage' Look'N'Feel 'OgreTray/StaticImage' and RenderEffect ''. (0x7fffcbd0df60)
25/04/2014 15:44:52 (Std) 	Creating falagard mapping for type 'OgreTray/AltStaticImage' using base type 'DefaultWindow', window renderer 'Falagard/Default' Look'N'Feel 'OgreTray/AltStaticImage' and RenderEffect ''. (0x7fffcbd0df60)
25/04/2014 15:44:52 (Std) 	Creating falagard mapping for type 'OgreTray/Tooltip' using base type 'CEGUI/Tooltip', window renderer 'Falagard/Tooltip' Look'N'Feel 'OgreTray/Tooltip' and RenderEffect ''. (0x7fffcbd0df60)
25/04/2014 15:44:52 (Std) 	Creating falagard mapping for type 'OgreTray/ItemListbox' using base type 'CEGUI/ItemListbox', window renderer 'Falagard/ItemListbox' Look'N'Feel 'OgreTray/ItemListbox' and RenderEffect ''. (0x7fffcbd0df60)
25/04/2014 15:44:52 (Std) 	Creating falagard mapping for type 'OgreTray/ListboxItem' using base type 'CEGUI/ItemEntry', window renderer 'Falagard/ItemEntry' Look'N'Feel 'OgreTray/ListboxItem' and RenderEffect ''. (0x7fffcbd0df60)
25/04/2014 15:44:52 (Std) 	Creating falagard mapping for type 'OgreTray/Spinner' using base type 'CEGUI/Spinner', window renderer 'Falagard/Default' Look'N'Feel 'OgreTray/Spinner' and RenderEffect ''. (0x7fffcbd0df60)
25/04/2014 15:44:52 (Std) 	Creating falagard mapping for type 'OgreTray/ScrollablePane' using base type 'CEGUI/ScrollablePane', window renderer 'Falagard/ScrollablePane' Look'N'Feel 'OgreTray/ScrollablePane' and RenderEffect ''. (0x7fffcbd0df60)
25/04/2014 15:44:52 (Std) 	Creating falagard mapping for type 'OgreTray/ListHeaderSegment' using base type 'CEGUI/ListHeaderSegment', window renderer 'Falagard/ListHeaderSegment' Look'N'Feel 'OgreTray/ListHeaderSegment' and RenderEffect ''. (0x7fffcbd0df60)
25/04/2014 15:44:52 (Std) 	Creating falagard mapping for type 'OgreTray/ListHeader' using base type 'CEGUI/ListHeader', window renderer 'Falagard/ListHeader' Look'N'Feel 'OgreTray/ListHeader' and RenderEffect ''. (0x7fffcbd0df60)
25/04/2014 15:44:52 (Std) 	Creating falagard mapping for type 'OgreTray/MultiColumnList' using base type 'CEGUI/MultiColumnList', window renderer 'Falagard/MultiColumnList' Look'N'Feel 'OgreTray/MultiColumnList' and RenderEffect ''. (0x7fffcbd0df60)
25/04/2014 15:44:52 (Std) 	Creating falagard mapping for type 'OgreTray/MenuItem' using base type 'CEGUI/MenuItem', window renderer 'Falagard/MenuItem' Look'N'Feel 'OgreTray/MenuItem' and RenderEffect ''. (0x7fffcbd0df60)
25/04/2014 15:44:52 (Std) 	Creating falagard mapping for type 'OgreTray/Menubar' using base type 'CEGUI/Menubar', window renderer 'Falagard/Menubar' Look'N'Feel 'OgreTray/Menubar' and RenderEffect ''. (0x7fffcbd0df60)
25/04/2014 15:44:52 (Std) 	Creating falagard mapping for type 'OgreTray/PopupMenu' using base type 'CEGUI/PopupMenu', window renderer 'Falagard/PopupMenu' Look'N'Feel 'OgreTray/PopupMenu' and RenderEffect ''. (0x7fffcbd0df60)
25/04/2014 15:44:52 (Std) 	Creating falagard mapping for type 'OgreTray/TabButton' using base type 'CEGUI/TabButton', window renderer 'Falagard/TabButton' Look'N'Feel 'OgreTray/TabButton' and RenderEffect ''. (0x7fffcbd0df60)
25/04/2014 15:44:52 (Std) 	Creating falagard mapping for type 'OgreTray/TabButtonPane' using base type 'DefaultWindow', window renderer 'Falagard/Default' Look'N'Feel 'OgreTray/TabButtonPane' and RenderEffect ''. (0x7fffcbd0df60)
25/04/2014 15:44:52 (Std) 	Creating falagard mapping for type 'OgreTray/TabContentPane' using base type 'DefaultWindow', window renderer 'Falagard/Default' Look'N'Feel 'OgreTray/TabContentPane' and RenderEffect ''. (0x7fffcbd0df60)
25/04/2014 15:44:52 (Std) 	Creating falagard mapping for type 'OgreTray/TabControl' using base type 'CEGUI/TabControl', window renderer 'Falagard/TabControl' Look'N'Feel 'OgreTray/TabControl' and RenderEffect ''. (0x7fffcbd0df60)
25/04/2014 15:44:52 (Std) 	Creating falagard mapping for type 'OgreTray/BG' using base type 'DefaultWindow', window renderer 'Falagard/Default' Look'N'Feel 'OgreTray/BGTest' and RenderEffect ''. (0x7fffcbd0df60)
25/04/2014 15:44:52 (Std) 	Attempting to create Imageset 'DejaVuSans-10_auto_glyph_images_ ' with texture only.
